<?xml version="1.0" encoding="UTF-8"?>
<!-- Generated by org.testng.reporters.JUnitXMLReporter -->
<testsuite hostname="Lenovo" ignored="0" name="Default test" tests="3" failures="0" timestamp="05 May 2021 05:26:07 GMT" time="14.998" errors="0">
  <testcase name="openBing" time="6.779" classname="org.extend.ExtRpt"/>
  <testcase name="openWiki" time="5.344" classname="org.extend.ExtRpt"/>
  <testcase name="opengoogle" time="2.627" classname="org.extend.ExtRpt"/>
</testsuite> <!-- Default test -->
