<?xml version="1.0" encoding="UTF-8"?>
<!-- Generated by org.testng.reporters.JUnitXMLReporter -->
<testsuite hostname="Lenovo" ignored="0" name="Test" tests="3" failures="0" timestamp="01 May 2021 10:54:34 GMT" time="21.108" errors="0">
  <testcase name="tc0" time="12.739" classname="org.blaze.AirTicketwithParameter"/>
  <testcase name="tc1" time="1.761" classname="org.blaze.AirTicketwithParameter"/>
  <testcase name="tc2" time="6.451" classname="org.blaze.AirTicketwithParameter"/>
</testsuite> <!-- Test -->
